#
# A fatal error has been detected by the Java Runtime Environment:
#
#  EXCEPTION_ACCESS_VIOLATION (0xc0000005) at pc=0x000000006fe48c78, pid=5968, tid=4356
#
# JRE version: Java(TM) SE Runtime Environment (8.0_66-b18) (build 1.8.0_66-b18)
# Java VM: Java HotSpot(TM) 64-Bit Server VM (25.66-b18 mixed mode windows-amd64 compressed oops)
# Problematic frame:
# V  [jvm.dll+0x138c78]
#
# Failed to write core dump. Minidumps are not enabled by default on client versions of Windows
#
# If you would like to submit a bug report, please visit:
#   http://bugreport.java.com/bugreport/crash.jsp
#

---------------  T H R E A D  ---------------

Current thread (0x000000000312c000):  GCTaskThread [stack: 0x0000000012c50000,0x0000000012d50000] [id=4356]

siginfo: ExceptionCode=0xc0000005, reading address 0xffffffffffffffff

Registers:
RAX=0x0000000012d50000, RBX=0x0000000000000133, RCX=0x0000000000000000, RDX=0x0000000000000000
RSP=0x0000000012d4f510, RBP=0x00000000031fd4e0, RSI=0x00000000c3ce7e44, RDI=0x0000000002000000
R8 =0x007fffffffa10000, R9 =0x00000000031fd4e0, R10=0x0000000000000134, R11=0x00000000c3ce7e50
R12=0x00000000c3ce7e50, R13=0x000000000000000a, R14=0x00000000c3ce7e18, R15=0x000000000000000a
RIP=0x000000006fe48c78, EFLAGS=0x0000000000010246

Top of Stack: (sp=0x0000000012d4f510)
0x0000000012d4f510:   00000000161fe9e0 000000006fe23456
0x0000000012d4f520:   00000000c3ce7e18 00000000c3ce7e14
0x0000000012d4f530:   00000000031fd4e0 000000006fe48d93
0x0000000012d4f540:   0000000000000000 00000000000003d8
0x0000000012d4f550:   000000000312c6e8 0000000000001400
0x0000000012d4f560:   0000000000000133 0000000070101f20
0x0000000012d4f570:   00000000031fd4e0 00000000c3208160
0x0000000012d4f580:   000000000312c310 000000000312c310
0x0000000012d4f590:   0000020d00000000 0000020e00000000
0x0000000012d4f5a0:   0303030303030303 00000000c3208160
0x0000000012d4f5b0:   0000000000001400 00000000175b4000
0x0000000012d4f5c0:   000000000312c301 000000000312c301
0x0000000012d4f5d0:   0000e311cec60504 000000000312c6e8
0x0000000012d4f5e0:   000000000312c310 00000000000003d8
0x0000000012d4f5f0:   000000000312c310 000000000311e830
0x0000000012d4f600:   000000000312c300 00000000031b26a0 

Instructions: (pc=0x000000006fe48c78)
0x000000006fe48c58:   05 53 19 6d 00 49 c1 e8 03 49 d3 e8 41 0f b6 c0
0x000000006fe48c68:   49 c1 e8 06 24 3f 0f b6 d0 48 8b 05 68 19 6d 00
0x000000006fe48c78:   4a 8b 0c c0 48 0f a3 d1 72 3e 48 8b cf e8 96 0f
0x000000006fe48c88:   fd ff 84 c0 74 32 48 8b d7 48 8b cd e8 c7 dd fc 


Register to memory mapping:

RAX=0x0000000012d50000 is an unknown value
RBX=0x0000000000000133 is an unknown value
RCX=0x0000000000000000 is an unknown value
RDX=0x0000000000000000 is an unknown value
RSP=0x0000000012d4f510 is an unknown value
RBP=0x00000000031fd4e0 is an unknown value
RSI=0x00000000c3ce7e44 is pointing into object: 0x00000000c3ce7e18
[Ljava.lang.Object; 
 - klass: 'java/lang/Object'[]
 - length: 10
RDI=0x0000000002000000 is an unknown value
R8 =0x007fffffffa10000 is an unknown value
R9 =0x00000000031fd4e0 is an unknown value
R10=0x0000000000000134 is an unknown value
R11=0x00000000c3ce7e50 is an oop
com.android.dx.ssa.NormalSsaInsn 
 - klass: 'com/android/dx/ssa/NormalSsaInsn'
R12=0x00000000c3ce7e50 is an oop
com.android.dx.ssa.NormalSsaInsn 
 - klass: 'com/android/dx/ssa/NormalSsaInsn'
R13=0x000000000000000a is an unknown value
R14=0x00000000c3ce7e18 is an oop
[Ljava.lang.Object; 
 - klass: 'java/lang/Object'[]
 - length: 10
R15=0x000000000000000a is an unknown value


Stack: [0x0000000012c50000,0x0000000012d50000],  sp=0x0000000012d4f510,  free space=1021k
Native frames: (J=compiled Java code, j=interpreted, Vv=VM code, C=native code)
V  [jvm.dll+0x138c78]
V  [jvm.dll+0x3f1f20]
V  [jvm.dll+0x3eef93]
V  [jvm.dll+0x3ecdde]
V  [jvm.dll+0x29a0fa]
C  [msvcr100.dll+0x21d9f]
C  [msvcr100.dll+0x21e3b]
C  [KERNEL32.DLL+0x18102]
C  [ntdll.dll+0x5c5b4]


---------------  P R O C E S S  ---------------

Java Threads: ( => current thread )
  0x0000000017550000 JavaThread "pool-2-thread-4" [_thread_blocked, id=1820, stack(0x00000000184b0000,0x00000000185b0000)]
  0x0000000017630000 JavaThread "pool-2-thread-3" [_thread_blocked, id=5428, stack(0x00000000183b0000,0x00000000184b0000)]
  0x000000001762f000 JavaThread "pool-2-thread-2" [_thread_blocked, id=12000, stack(0x00000000182b0000,0x00000000183b0000)]
  0x00000000175b5000 JavaThread "pool-3-thread-1" [_thread_blocked, id=7724, stack(0x00000000181b0000,0x00000000182b0000)]
  0x00000000175b4000 JavaThread "pool-2-thread-1" [_thread_blocked, id=6044, stack(0x00000000180b0000,0x00000000181b0000)]
  0x000000001596e800 JavaThread "Service Thread" daemon [_thread_blocked, id=9872, stack(0x00000000176b0000,0x00000000177b0000)]
  0x0000000015917000 JavaThread "C1 CompilerThread2" daemon [_thread_blocked, id=11172, stack(0x00000000171b0000,0x00000000172b0000)]
  0x000000001591f800 JavaThread "C2 CompilerThread1" daemon [_thread_blocked, id=10256, stack(0x00000000170b0000,0x00000000171b0000)]
  0x000000001591b000 JavaThread "C2 CompilerThread0" daemon [_thread_blocked, id=12896, stack(0x0000000016fb0000,0x00000000170b0000)]
  0x000000001591a000 JavaThread "Attach Listener" daemon [_thread_blocked, id=8668, stack(0x0000000016eb0000,0x0000000016fb0000)]
  0x0000000015919000 JavaThread "Signal Dispatcher" daemon [_thread_blocked, id=12284, stack(0x0000000016db0000,0x0000000016eb0000)]
  0x0000000003208000 JavaThread "Finalizer" daemon [_thread_blocked, id=12152, stack(0x0000000016b70000,0x0000000016c70000)]
  0x00000000158d9000 JavaThread "Reference Handler" daemon [_thread_blocked, id=1756, stack(0x0000000016a70000,0x0000000016b70000)]
  0x000000000300d800 JavaThread "main" [_thread_blocked, id=11112, stack(0x0000000003010000,0x0000000003110000)]

Other Threads:
  0x00000000158d7800 VMThread [stack: 0x0000000016970000,0x0000000016a70000] [id=13324]
  0x0000000017304800 WatcherThread [stack: 0x00000000177b0000,0x00000000178b0000] [id=9372]

=>0x000000000312c000 (exited) GCTaskThread [stack: 0x0000000012c50000,0x0000000012d50000] [id=4356]

VM state:at safepoint (normal execution)

VM Mutex/Monitor currently owned by a thread:  ([mutex/lock_event])
[0x000000000300cf10] Threads_lock - owner thread: 0x00000000158d7800
[0x000000000300d190] Heap_lock - owner thread: 0x0000000017550000

Heap:
 PSYoungGen      total 204800K, used 8185K [0x00000000eab00000, 0x00000000f7b00000, 0x0000000100000000)
  eden space 196608K, 0% used [0x00000000eab00000,0x00000000eab00000,0x00000000f6b00000)
  from space 8192K, 99% used [0x00000000f7300000,0x00000000f7afe7a8,0x00000000f7b00000)
  to   space 8192K, 0% used [0x00000000f6b00000,0x00000000f6b00000,0x00000000f7300000)
 ParOldGen       total 131072K, used 98995K [0x00000000c0000000, 0x00000000c8000000, 0x00000000eab00000)
  object space 131072K, 75% used [0x00000000c0000000,0x00000000c60acd58,0x00000000c8000000)
 Metaspace       used 6383K, capacity 7192K, committed 7424K, reserved 1056768K
  class space    used 619K, capacity 656K, committed 768K, reserved 1048576K

Card table byte_map: [0x00000000125e0000,0x00000000127f0000] byte_map_base: 0x0000000011fe0000

Marking Bits: (ParMarkBitMap*) 0x000000007051a5b0
 Begin Bits: [0x0000000012d50000, 0x0000000013d50000)
 End Bits:   [0x0000000013d50000, 0x0000000014d50000)

Polling page: 0x0000000002fe0000

CodeCache: size=245760Kb used=7492Kb max_used=7510Kb free=238267Kb
 bounds [0x0000000003220000, 0x0000000003990000, 0x0000000012220000]
 total_blobs=2078 nmethods=1810 adapters=181
 compilation: enabled

Compilation events (10 events):
Event: 2.520 Thread 0x000000001591f800 nmethod 1850 0x00000000038f39d0 code [0x00000000038f3b00, 0x00000000038f3bd8]
Event: 2.520 Thread 0x000000001591f800 1854       4       com.android.dx.rop.cst.CstFieldRef::getType (8 bytes)
Event: 2.520 Thread 0x000000001591f800 nmethod 1854 0x00000000038f36d0 code [0x00000000038f3820, 0x00000000038f38c8]
Event: 2.520 Thread 0x000000001591f800 1843       4       com.android.dx.cf.code.Simulator$SimVisitor::visitNoArgs (2108 bytes)
Event: 2.549 Thread 0x0000000015917000 1858       3       com.android.dx.rop.code.BasicBlockList$RegCountVisitor::visitThrowingInsn (6 bytes)
Event: 2.549 Thread 0x0000000015917000 nmethod 1858 0x00000000038b1d90 code [0x00000000038b1f00, 0x00000000038b2088]
Event: 2.584 Thread 0x000000001591f800 nmethod 1843 0x00000000039815d0 code [0x0000000003982500, 0x0000000003985a30]
Event: 2.584 Thread 0x000000001591f800 1861       4       com.android.dx.rop.code.BasicBlockList::forEachInsn (39 bytes)
Event: 2.587 Thread 0x000000001591f800 nmethod 1861 0x00000000038b1550 code [0x00000000038b16a0, 0x00000000038b1958]
Event: 2.587 Thread 0x000000001591f800 1856 %     4       com.android.dx.cf.code.Ropper::addExceptionSetupBlocks @ 8 (203 bytes)

GC Heap History (9 events):
Event: 0.595 GC heap before
{Heap before GC invocations=1 (full 0):
 PSYoungGen      total 57344K, used 49152K [0x00000000eab00000, 0x00000000eeb00000, 0x0000000100000000)
  eden space 49152K, 100% used [0x00000000eab00000,0x00000000edb00000,0x00000000edb00000)
  from space 8192K, 0% used [0x00000000ee300000,0x00000000ee300000,0x00000000eeb00000)
  to   space 8192K, 0% used [0x00000000edb00000,0x00000000edb00000,0x00000000ee300000)
 ParOldGen       total 131072K, used 0K [0x00000000c0000000, 0x00000000c8000000, 0x00000000eab00000)
  object space 131072K, 0% used [0x00000000c0000000,0x00000000c0000000,0x00000000c8000000)
 Metaspace       used 6032K, capacity 6960K, committed 7040K, reserved 1056768K
  class space    used 595K, capacity 616K, committed 640K, reserved 1048576K
Event: 0.604 GC heap after
Heap after GC invocations=1 (full 0):
 PSYoungGen      total 57344K, used 7729K [0x00000000eab00000, 0x00000000f1b00000, 0x0000000100000000)
  eden space 49152K, 0% used [0x00000000eab00000,0x00000000eab00000,0x00000000edb00000)
  from space 8192K, 94% used [0x00000000edb00000,0x00000000ee28c688,0x00000000ee300000)
  to   space 8192K, 0% used [0x00000000f1300000,0x00000000f1300000,0x00000000f1b00000)
 ParOldGen       total 131072K, used 16K [0x00000000c0000000, 0x00000000c8000000, 0x00000000eab00000)
  object space 131072K, 0% used [0x00000000c0000000,0x00000000c0004000,0x00000000c8000000)
 Metaspace       used 6032K, capacity 6960K, committed 7040K, reserved 1056768K
  class space    used 595K, capacity 616K, committed 640K, reserved 1048576K
}
Event: 0.823 GC heap before
{Heap before GC invocations=2 (full 0):
 PSYoungGen      total 57344K, used 56881K [0x00000000eab00000, 0x00000000f1b00000, 0x0000000100000000)
  eden space 49152K, 100% used [0x00000000eab00000,0x00000000edb00000,0x00000000edb00000)
  from space 8192K, 94% used [0x00000000edb00000,0x00000000ee28c688,0x00000000ee300000)
  to   space 8192K, 0% used [0x00000000f1300000,0x00000000f1300000,0x00000000f1b00000)
 ParOldGen       total 131072K, used 16K [0x00000000c0000000, 0x00000000c8000000, 0x00000000eab00000)
  object space 131072K, 0% used [0x00000000c0000000,0x00000000c0004000,0x00000000c8000000)
 Metaspace       used 6178K, capacity 7088K, committed 7296K, reserved 1056768K
  class space    used 598K, capacity 616K, committed 640K, reserved 1048576K
Event: 0.838 GC heap after
Heap after GC invocations=2 (full 0):
 PSYoungGen      total 106496K, used 8170K [0x00000000eab00000, 0x00000000f1b00000, 0x0000000100000000)
  eden space 98304K, 0% used [0x00000000eab00000,0x00000000eab00000,0x00000000f0b00000)
  from space 8192K, 99% used [0x00000000f1300000,0x00000000f1afaab8,0x00000000f1b00000)
  to   space 8192K, 0% used [0x00000000f0b00000,0x00000000f0b00000,0x00000000f1300000)
 ParOldGen       total 131072K, used 4148K [0x00000000c0000000, 0x00000000c8000000, 0x00000000eab00000)
  object space 131072K, 3% used [0x00000000c0000000,0x00000000c040d138,0x00000000c8000000)
 Metaspace       used 6178K, capacity 7088K, committed 7296K, reserved 1056768K
  class space    used 598K, capacity 616K, committed 640K, reserved 1048576K
}
Event: 1.271 GC heap before
{Heap before GC invocations=3 (full 0):
 PSYoungGen      total 106496K, used 106474K [0x00000000eab00000, 0x00000000f1b00000, 0x0000000100000000)
  eden space 98304K, 100% used [0x00000000eab00000,0x00000000f0b00000,0x00000000f0b00000)
  from space 8192K, 99% used [0x00000000f1300000,0x00000000f1afaab8,0x00000000f1b00000)
  to   space 8192K, 0% used [0x00000000f0b00000,0x00000000f0b00000,0x00000000f1300000)
 ParOldGen       total 131072K, used 4148K [0x00000000c0000000, 0x00000000c8000000, 0x00000000eab00000)
  object space 131072K, 3% used [0x00000000c0000000,0x00000000c040d138,0x00000000c8000000)
 Metaspace       used 6379K, capacity 7192K, committed 7424K, reserved 1056768K
  class space    used 619K, capacity 656K, committed 768K, reserved 1048576K
Event: 1.320 GC heap after
Heap after GC invocations=3 (full 0):
 PSYoungGen      total 106496K, used 8179K [0x00000000eab00000, 0x00000000f7b00000, 0x0000000100000000)
  eden space 98304K, 0% used [0x00000000eab00000,0x00000000eab00000,0x00000000f0b00000)
  from space 8192K, 99% used [0x00000000f0b00000,0x00000000f12fccc8,0x00000000f1300000)
  to   space 8192K, 0% used [0x00000000f7300000,0x00000000f7300000,0x00000000f7b00000)
 ParOldGen       total 131072K, used 24879K [0x00000000c0000000, 0x00000000c8000000, 0x00000000eab00000)
  object space 131072K, 18% used [0x00000000c0000000,0x00000000c184bef0,0x00000000c8000000)
 Metaspace       used 6379K, capacity 7192K, committed 7424K, reserved 1056768K
  class space    used 619K, capacity 656K, committed 768K, reserved 1048576K
}
Event: 2.657 GC heap before
{Heap before GC invocations=4 (full 0):
 PSYoungGen      total 106496K, used 106483K [0x00000000eab00000, 0x00000000f7b00000, 0x0000000100000000)
  eden space 98304K, 100% used [0x00000000eab00000,0x00000000f0b00000,0x00000000f0b00000)
  from space 8192K, 99% used [0x00000000f0b00000,0x00000000f12fccc8,0x00000000f1300000)
  to   space 8192K, 0% used [0x00000000f7300000,0x00000000f7300000,0x00000000f7b00000)
 ParOldGen       total 131072K, used 24879K [0x00000000c0000000, 0x00000000c8000000, 0x00000000eab00000)
  object space 131072K, 18% used [0x00000000c0000000,0x00000000c184bef0,0x00000000c8000000)
 Metaspace       used 6383K, capacity 7192K, committed 7424K, reserved 1056768K
  class space    used 619K, capacity 656K, committed 768K, reserved 1048576K
Event: 2.725 GC heap after
Heap after GC invocations=4 (full 0):
 PSYoungGen      total 204800K, used 8185K [0x00000000eab00000, 0x00000000f7b00000, 0x0000000100000000)
  eden space 196608K, 0% used [0x00000000eab00000,0x00000000eab00000,0x00000000f6b00000)
  from space 8192K, 99% used [0x00000000f7300000,0x00000000f7afe7a8,0x00000000f7b00000)
  to   space 8192K, 0% used [0x00000000f6b00000,0x00000000f6b00000,0x00000000f7300000)
 ParOldGen       total 131072K, used 98995K [0x00000000c0000000, 0x00000000c8000000, 0x00000000eab00000)
  object space 131072K, 75% used [0x00000000c0000000,0x00000000c60acd58,0x00000000c8000000)
 Metaspace       used 6383K, capacity 7192K, committed 7424K, reserved 1056768K
  class space    used 619K, capacity 656K, committed 768K, reserved 1048576K
}
Event: 2.725 GC heap before
{Heap before GC invocations=5 (full 1):
 PSYoungGen      total 204800K, used 8185K [0x00000000eab00000, 0x00000000f7b00000, 0x0000000100000000)
  eden space 196608K, 0% used [0x00000000eab00000,0x00000000eab00000,0x00000000f6b00000)
  from space 8192K, 99% used [0x00000000f7300000,0x00000000f7afe7a8,0x00000000f7b00000)
  to   space 8192K, 0% used [0x00000000f6b00000,0x00000000f6b00000,0x00000000f7300000)
 ParOldGen       total 131072K, used 98995K [0x00000000c0000000, 0x00000000c8000000, 0x00000000eab00000)
  object space 131072K, 75% used [0x00000000c0000000,0x00000000c60acd58,0x00000000c8000000)
 Metaspace       used 6383K, capacity 7192K, committed 7424K, reserved 1056768K
  class space    used 619K, capacity 656K, committed 768K, reserved 1048576K

Deoptimization events (10 events):
Event: 0.698 Thread 0x000000001762f000 Uncommon trap: reason=bimorphic action=maybe_recompile pc=0x00000000034a6d04 method=java.util.HashMap.getNode(ILjava/lang/Object;)Ljava/util/HashMap$Node; @ 126
Event: 0.698 Thread 0x000000001762f000 Uncommon trap: reason=class_check action=maybe_recompile pc=0x00000000035d10e4 method=java.util.HashMap.putVal(ILjava/lang/Object;Ljava/lang/Object;ZZ)Ljava/lang/Object; @ 203
Event: 0.699 Thread 0x000000001762f000 Uncommon trap: reason=bimorphic action=maybe_recompile pc=0x000000000348af0c method=java.util.HashMap.getNode(ILjava/lang/Object;)Ljava/util/HashMap$Node; @ 126
Event: 0.699 Thread 0x000000001762f000 Uncommon trap: reason=bimorphic action=maybe_recompile pc=0x00000000034a6d04 method=java.util.HashMap.getNode(ILjava/lang/Object;)Ljava/util/HashMap$Node; @ 126
Event: 0.719 Thread 0x000000000300d800 Uncommon trap: reason=class_check action=maybe_recompile pc=0x00000000035d10e4 method=java.util.HashMap.putVal(ILjava/lang/Object;Ljava/lang/Object;ZZ)Ljava/lang/Object; @ 203
Event: 0.752 Thread 0x0000000017630000 Uncommon trap: reason=unstable_if action=reinterpret pc=0x00000000035d6a5c method=com.android.dx.ssa.SsaMethod.updateOneDefinition(Lcom/android/dx/ssa/SsaInsn;Lcom/android/dx/rop/code/RegisterSpec;)V @ 4
Event: 0.784 Thread 0x000000001762f000 Uncommon trap: reason=class_check action=maybe_recompile pc=0x00000000035d2110 method=java.util.HashMap.putVal(ILjava/lang/Object;Ljava/lang/Object;ZZ)Ljava/lang/Object; @ 203
Event: 1.060 Thread 0x0000000017550000 Uncommon trap: reason=unstable_if action=reinterpret pc=0x00000000034d4a50 method=java.util.HashMap.putVal(ILjava/lang/Object;Ljava/lang/Object;ZZ)Ljava/lang/Object; @ 162
Event: 1.063 Thread 0x0000000017550000 Uncommon trap: reason=unstable_if action=reinterpret pc=0x0000000003792804 method=java.util.HashMap.getNode(ILjava/lang/Object;)Ljava/util/HashMap$Node; @ 84
Event: 1.122 Thread 0x00000000175b4000 Uncommon trap: reason=unstable_if action=reinterpret pc=0x00000000038881a8 method=java.util.HashMap.putVal(ILjava/lang/Object;Ljava/lang/Object;ZZ)Ljava/lang/Object; @ 109

Internal exceptions (6 events):
Event: 0.036 Thread 0x000000000300d800 Exception <a 'java/lang/NoSuchMethodError': Method sun.misc.Unsafe.defineClass(Ljava/lang/String;[BII)Ljava/lang/Class; name or signature does not match> (0x00000000eab0d9c0) thrown at [C:\re\workspace\8-2-build-windows-amd64-cygwin\jdk8u66\5298\hotspot\sr¨ä[Ðh¢?
Event: 0.036 Thread 0x000000000300d800 Exception <a 'java/lang/NoSuchMethodError': Method sun.misc.Unsafe.prefetchRead(Ljava/lang/Object;J)V name or signature does not match> (0x00000000eab0dca8) thrown at [C:\re\workspace\8-2-build-windows-amd64-cygwin\jdk8u66\5298\hotspot\src\share\vm\prims\jÚÐt6Kß?
Event: 0.485 Thread 0x0000000017550000 Implicit null exception at 0x0000000003496b22 to 0x0000000003496c12
Event: 1.062 Thread 0x0000000017550000 Exception <a 'java/lang/ArrayIndexOutOfBoundsException': 18> (0x00000000ee94a7b8) thrown at [C:\re\workspace\8-2-build-windows-amd64-cygwin\jdk8u66\5298\hotspot\src\share\vm\interpreter\interpreterRuntime.cpp, line 366]
Event: 1.062 Thread 0x0000000017550000 Exception <a 'java/lang/ArrayIndexOutOfBoundsException'> (0x00000000ee94c338) thrown at [C:\re\workspace\8-2-build-windows-amd64-cygwin\jdk8u66\5298\hotspot\src\share\vm\runtime\sharedRuntime.cpp, line 605]
Event: 1.063 Thread 0x0000000017550000 Exception <a 'java/lang/ArrayIndexOutOfBoundsException'> (0x00000000ee94d620) thrown at [C:\re\workspace\8-2-build-windows-amd64-cygwin\jdk8u66\5298\hotspot\src\share\vm\runtime\sharedRuntime.cpp, line 605]

Events (10 events):
Event: 1.122 Thread 0x00000000175b4000 DEOPT UNPACKING pc=0x000000000326582a sp=0x00000000181ae248 mode 2
Event: 1.269 Executing VM operation: ParallelGCFailedAllocation
Event: 1.320 Executing VM operation: ParallelGCFailedAllocation done
Event: 1.665 loading class com/android/dx/cf/code/LocalVariableList$Item
Event: 1.665 loading class com/android/dx/cf/code/LocalVariableList$Item done
Event: 2.549 Thread 0x0000000017550000 DEOPT PACKING pc=0x00000000035baf35 sp=0x00000000185aedd0
Event: 2.549 Thread 0x0000000017550000 DEOPT UNPACKING pc=0x000000000326787f sp=0x00000000185aeab0 mode 0
Event: 2.586 Thread 0x000000001762f000 DEOPT PACKING pc=0x00000000035baf35 sp=0x00000000183aea40
Event: 2.586 Thread 0x000000001762f000 DEOPT UNPACKING pc=0x000000000326787f sp=0x00000000183ae720 mode 0
Event: 2.655 Executing VM operation: ParallelGCFailedAllocation


Dynamic libraries:
0x00007ff741e50000 - 0x00007ff741e87000 	C:\Program Files\Java\jdk1.8.0_66\bin\java.exe
0x00007ffcd7930000 - 0x00007ffcd7af1000 	C:\Windows\SYSTEM32\ntdll.dll
0x00007ffcd73b0000 - 0x00007ffcd745d000 	C:\Windows\system32\KERNEL32.DLL
0x00007ffcd4990000 - 0x00007ffcd4b78000 	C:\Windows\system32\KERNELBASE.dll
0x00007ffcd5000000 - 0x00007ffcd50a7000 	C:\Windows\system32\ADVAPI32.dll
0x00007ffcd5790000 - 0x00007ffcd582d000 	C:\Windows\system32\msvcrt.dll
0x00007ffcd5830000 - 0x00007ffcd588b000 	C:\Windows\system32\sechost.dll
0x00007ffcd5670000 - 0x00007ffcd578c000 	C:\Windows\system32\RPCRT4.dll
0x00007ffcd4e40000 - 0x00007ffcd4f96000 	C:\Windows\system32\USER32.dll
0x00007ffcd5cc0000 - 0x00007ffcd5e46000 	C:\Windows\system32\GDI32.dll
0x00007ffccf5f0000 - 0x00007ffccf864000 	C:\Windows\WinSxS\amd64_microsoft.windows.common-controls_6595b64144ccf1df_6.0.10586.494_none_a2d8b04ea53e3145\COMCTL32.dll
0x00007ffcd76b0000 - 0x00007ffcd792d000 	C:\Windows\system32\combase.dll
0x00007ffcd4280000 - 0x00007ffcd42ea000 	C:\Windows\system32\bcryptPrimitives.dll
0x00007ffcd5430000 - 0x00007ffcd546b000 	C:\Windows\system32\IMM32.DLL
0x000000006fa60000 - 0x000000006fb32000 	C:\Program Files\Java\jdk1.8.0_66\jre\bin\msvcr100.dll
0x000000006fd10000 - 0x0000000070599000 	C:\Program Files\Java\jdk1.8.0_66\jre\bin\server\jvm.dll
0x00007ffcd5480000 - 0x00007ffcd5488000 	C:\Windows\system32\PSAPI.DLL
0x00007ffcd23c0000 - 0x00007ffcd23e3000 	C:\Windows\SYSTEM32\WINMM.dll
0x00007ffcd0580000 - 0x00007ffcd058a000 	C:\Windows\SYSTEM32\VERSION.dll
0x00007ffcc8f60000 - 0x00007ffcc8f69000 	C:\Windows\SYSTEM32\WSOCK32.dll
0x00007ffcd2120000 - 0x00007ffcd214c000 	C:\Windows\SYSTEM32\WINMMBASE.dll
0x00007ffcd50c0000 - 0x00007ffcd512b000 	C:\Windows\system32\WS2_32.dll
0x00007ffcd42f0000 - 0x00007ffcd4333000 	C:\Windows\system32\cfgmgr32.dll
0x0000000070850000 - 0x000000007085f000 	C:\Program Files\Java\jdk1.8.0_66\jre\bin\verify.dll
0x0000000070820000 - 0x0000000070849000 	C:\Program Files\Java\jdk1.8.0_66\jre\bin\java.dll
0x0000000070800000 - 0x0000000070816000 	C:\Program Files\Java\jdk1.8.0_66\jre\bin\zip.dll
0x00007ffcd5e50000 - 0x00007ffcd73ac000 	C:\Windows\system32\SHELL32.dll
0x00007ffcd4340000 - 0x00007ffcd4985000 	C:\Windows\system32\windows.storage.dll
0x00007ffcd4fa0000 - 0x00007ffcd4ff2000 	C:\Windows\system32\shlwapi.dll
0x00007ffcd3fd0000 - 0x00007ffcd3fdf000 	C:\Windows\system32\kernel.appcore.dll
0x00007ffcd4b80000 - 0x00007ffcd4c35000 	C:\Windows\system32\shcore.dll
0x00007ffcd3f70000 - 0x00007ffcd3fbb000 	C:\Windows\system32\powrprof.dll
0x00007ffcd3f50000 - 0x00007ffcd3f64000 	C:\Windows\system32\profapi.dll
0x00007ffcba710000 - 0x00007ffcba89c000 	C:\Windows\SYSTEM32\dbghelp.dll

VM Arguments:
jvm_args: -Djava.awt.headless=true -Xmx1024M -Dfile.encoding=windows-1252 -Duser.country=FR -Duser.language=fr -Duser.variant 
java_command: com.android.dx.command.Main --dex --force-jumbo --num-threads=4 --multi-dex --output C:\Users\Achraf\AndroidStudioProjects\Cote&Sport\app\build\intermediates\transforms\dex\debug\folders\1000\10\com.google.android.gms-play-services-ads-9.0.0_c7ac3f6b350c0065ee1ab6636f68ffb01a42f392 C:\Users\Achraf\AndroidStudioProjects\Cote&Sport\app\build\intermediates\exploded-aar\com.google.android.gms\play-services-ads\9.0.0\jars\classes.jar
java_class_path (initial): C:\Program Files (x86)\Android\android-sdk\build-tools\23.0.3\lib\dx.jar
Launcher Type: SUN_STANDARD

Environment Variables:
PATH=C:\ProgramData\Oracle\Java\javapath;C:\Windows\system32;C:\Windows;C:\Windows\System32\Wbem;C:\Windows\System32\WindowsPowerShell\v1.0\;C:\Program Files (x86)\Windows Kits\8.1\Windows Performance Toolkit\;C:\Program Files\Microsoft SQL Server\110\Tools\Binn\;C:\Program Files (x86)\Microsoft SDKs\TypeScript\1.0\;C:\Program Files\Microsoft SQL Server\120\Tools\Binn\;C:\Program Files (x86)\Skype\Phone\;C:\Program Files\Microsoft\Web Platform Installer\;c:\Program Files (x86)\Microsoft SQL Server\110\Tools\Binn\ManagementStudio\;c:\Program Files (x86)\Microsoft SQL Server\110\Tools\Binn\;c:\Program Files (x86)\Microsoft SQL Server\110\DTS\Binn\;C:\Users\Achraf\.dnx\bin;C:\Program Files\Microsoft DNX\Dnvm\;C:\Program Files (x86)\nodejs\;C:\Program Files\Git\cmd;C:\Program Files\Microsoft SQL Server\Client SDK\ODBC\110\Tools\Binn\;C:\Program Files (x86)\Microsoft SQL Server\120\Tools\Binn\;C:\Program Files\Microsoft SQL Server\120\DTS\Binn\;C:\Program Files (x86)\NVIDIA Corporation\PhysX\Common;C:\Users\Achraf\AppData\Roaming\npm
USERNAME=Achraf
OS=Windows_NT
PROCESSOR_IDENTIFIER=Intel64 Family 6 Model 42 Stepping 7, GenuineIntel



---------------  S Y S T E M  ---------------

OS: Windows 10.0 , 64 bit Build 10586 (10.0.10586.0)

CPU:total 4 (4 cores per cpu, 1 threads per core) family 6 model 42 stepping 7, cmov, cx8, fxsr, mmx, sse, sse2, sse3, ssse3, sse4.1, sse4.2, popcnt, avx, aes, clmul, tsc, tscinvbit

Memory: 4k page, physical 12539956k(6827692k free), swap 14440500k(7987092k free)

vm_info: Java HotSpot(TM) 64-Bit Server VM (25.66-b18) for windows-amd64 JRE (1.8.0_66-b18), built on Nov  9 2015 10:51:13 by "java_re" with MS VC++ 10.0 (VS2010)

time: Thu Jul 21 14:40:44 2016
elapsed time: 2 seconds (0d 0h 0m 2s)

